{"C:\\Users\\jorda\\projects\\processos-seletivos\\vagas\\src\\app.ts": {"path":"C:\\Users\\jorda\\projects\\processos-seletivos\\vagas\\src\\app.ts","statementMap":{"0":{"start":{"line":1,"column":0},"end":{"line":1,"column":47}},"1":{"start":{"line":2,"column":0},"end":{"line":2,"column":30}},"2":{"start":{"line":4,"column":0},"end":{"line":4,"column":65}},"3":{"start":{"line":5,"column":0},"end":{"line":5,"column":63}},"4":{"start":{"line":7,"column":25},"end":{"line":7,"column":34}},"5":{"start":{"line":9,"column":0},"end":{"line":9,"column":31}},"6":{"start":{"line":11,"column":13},"end":{"line":15,"column":3}},"7":{"start":{"line":17,"column":0},"end":{"line":17,"column":47}},"8":{"start":{"line":18,"column":0},"end":{"line":18,"column":24}},"9":{"start":{"line":19,"column":0},"end":{"line":19,"column":48}},"10":{"start":{"line":21,"column":0},"end":{"line":21,"column":35}},"11":{"start":{"line":22,"column":0},"end":{"line":22,"column":34}},"12":{"start":{"line":24,"column":0},"end":{"line":24,"column":19}}},"fnMap":{},"branchMap":{},"s":{"0":1,"1":1,"2":1,"3":1,"4":1,"5":1,"6":1,"7":1,"8":1,"9":1,"10":1,"11":1,"12":1},"f":{},"b":{}}
,"C:\\Users\\jorda\\projects\\processos-seletivos\\vagas\\src\\fakeData.ts": {"path":"C:\\Users\\jorda\\projects\\processos-seletivos\\vagas\\src\\fakeData.ts","statementMap":{"0":{"start":{"line":1,"column":17},"end":{"line":12,"column":null}},"1":{"start":{"line":14,"column":0},"end":{"line":14,"column":null}}},"fnMap":{},"branchMap":{},"s":{"0":7,"1":7},"f":{},"b":{}}
,"C:\\Users\\jorda\\projects\\processos-seletivos\\vagas\\src\\middlewares\\auth\\auth.ts": {"path":"C:\\Users\\jorda\\projects\\processos-seletivos\\vagas\\src\\middlewares\\auth\\auth.ts","statementMap":{"0":{"start":{"line":2,"column":0},"end":{"line":2,"column":31}},"1":{"start":{"line":4,"column":18},"end":{"line":29,"column":1}},"2":{"start":{"line":5,"column":21},"end":{"line":5,"column":49}},"3":{"start":{"line":7,"column":2},"end":{"line":11,"column":null}},"4":{"start":{"line":8,"column":4},"end":{"line":10,"column":7}},"5":{"start":{"line":13,"column":16},"end":{"line":13,"column":40}},"6":{"start":{"line":15,"column":2},"end":{"line":19,"column":null}},"7":{"start":{"line":16,"column":4},"end":{"line":18,"column":7}},"8":{"start":{"line":21,"column":2},"end":{"line":28,"column":null}},"9":{"start":{"line":22,"column":4},"end":{"line":26,"column":null}},"10":{"start":{"line":23,"column":6},"end":{"line":25,"column":9}},"11":{"start":{"line":27,"column":4},"end":{"line":27,"column":11}},"12":{"start":{"line":31,"column":9},"end":{"line":31,"column":18}}},"fnMap":{"0":{"name":"(anonymous_1)","decl":{"start":{"line":4,"column":18},"end":{"line":4,"column":19}},"loc":{"start":{"line":4,"column":70},"end":{"line":29,"column":1}}},"1":{"name":"(anonymous_2)","decl":{"start":{"line":21,"column":35},"end":{"line":21,"column":36}},"loc":{"start":{"line":21,"column":49},"end":{"line":28,"column":3}}}},"branchMap":{"0":{"loc":{"start":{"line":7,"column":2},"end":{"line":11,"column":null}},"type":"if","locations":[{"start":{"line":7,"column":2},"end":{"line":11,"column":null}}]},"1":{"loc":{"start":{"line":15,"column":2},"end":{"line":19,"column":null}},"type":"if","locations":[{"start":{"line":15,"column":2},"end":{"line":19,"column":null}}]},"2":{"loc":{"start":{"line":22,"column":4},"end":{"line":26,"column":null}},"type":"if","locations":[{"start":{"line":22,"column":4},"end":{"line":26,"column":null}}]}},"s":{"0":1,"1":1,"2":4,"3":4,"4":2,"5":2,"6":2,"7":0,"8":2,"9":2,"10":0,"11":2,"12":1},"f":{"0":4,"1":2},"b":{"0":[2],"1":[0],"2":[0]}}
,"C:\\Users\\jorda\\projects\\processos-seletivos\\vagas\\src\\middlewares\\logger\\getUserMiddleware.ts": {"path":"C:\\Users\\jorda\\projects\\processos-seletivos\\vagas\\src\\middlewares\\logger\\getUserMiddleware.ts","statementMap":{"0":{"start":{"line":2,"column":0},"end":{"line":2,"column":35}},"1":{"start":{"line":8,"column":4},"end":{"line":8,"column":17}},"2":{"start":{"line":12,"column":26},"end":{"line":18,"column":1}},"3":{"start":{"line":13,"column":22},"end":{"line":13,"column":32}},"4":{"start":{"line":14,"column":13},"end":{"line":14,"column":34}},"5":{"start":{"line":15,"column":21},"end":{"line":15,"column":42}},"6":{"start":{"line":16,"column":2},"end":{"line":16,"column":26}},"7":{"start":{"line":17,"column":2},"end":{"line":17,"column":null}},"8":{"start":{"line":20,"column":9},"end":{"line":20,"column":26}}},"fnMap":{"0":{"name":"(anonymous_0)","decl":{"start":{"line":7,"column":2},"end":{"line":7,"column":14}},"loc":{"start":{"line":7,"column":24},"end":{"line":9,"column":3}}},"1":{"name":"(anonymous_1)","decl":{"start":{"line":12,"column":26},"end":{"line":12,"column":27}},"loc":{"start":{"line":12,"column":78},"end":{"line":18,"column":1}}}},"branchMap":{},"s":{"0":1,"1":2,"2":1,"3":2,"4":2,"5":2,"6":2,"7":2,"8":1},"f":{"0":2,"1":2},"b":{}}
,"C:\\Users\\jorda\\projects\\processos-seletivos\\vagas\\src\\modules\\users\\model\\users.ts": {"path":"C:\\Users\\jorda\\projects\\processos-seletivos\\vagas\\src\\modules\\users\\model\\users.ts","statementMap":{"0":{"start":{"line":7,"column":4},"end":{"line":7,"column":17}},"1":{"start":{"line":8,"column":4},"end":{"line":8,"column":21}},"2":{"start":{"line":9,"column":4},"end":{"line":9,"column":19}},"3":{"start":{"line":1,"column":0},"end":{"line":1,"column":21}}},"fnMap":{"0":{"name":"(anonymous_0)","decl":{"start":{"line":6,"column":2},"end":{"line":6,"column":14}},"loc":{"start":{"line":6,"column":51},"end":{"line":10,"column":3}}}},"branchMap":{},"s":{"0":5,"1":5,"2":5,"3":8},"f":{"0":5},"b":{}}
,"C:\\Users\\jorda\\projects\\processos-seletivos\\vagas\\src\\modules\\users\\repositories\\UsersRepository.ts": {"path":"C:\\Users\\jorda\\projects\\processos-seletivos\\vagas\\src\\modules\\users\\repositories\\UsersRepository.ts","statementMap":{"0":{"start":{"line":1,"column":0},"end":{"line":1,"column":41}},"1":{"start":{"line":2,"column":0},"end":{"line":2,"column":34}},"2":{"start":{"line":11,"column":4},"end":{"line":11,"column":26}},"3":{"start":{"line":15,"column":4},"end":{"line":17,"column":null}},"4":{"start":{"line":16,"column":6},"end":{"line":16,"column":53}},"5":{"start":{"line":18,"column":4},"end":{"line":18,"column":36}},"6":{"start":{"line":22,"column":4},"end":{"line":22,"column":22}},"7":{"start":{"line":26,"column":17},"end":{"line":26,"column":56}},"8":{"start":{"line":26,"column":41},"end":{"line":26,"column":55}},"9":{"start":{"line":27,"column":4},"end":{"line":27,"column":16}},"10":{"start":{"line":31,"column":15},"end":{"line":31,"column":36}},"11":{"start":{"line":32,"column":17},"end":{"line":32,"column":40}},"12":{"start":{"line":33,"column":4},"end":{"line":33,"column":null}},"13":{"start":{"line":34,"column":4},"end":{"line":34,"column":16}},"14":{"start":{"line":38,"column":18},"end":{"line":38,"column":62}},"15":{"start":{"line":38,"column":47},"end":{"line":38,"column":61}},"16":{"start":{"line":39,"column":4},"end":{"line":39,"column":48}},"17":{"start":{"line":39,"column":20},"end":{"line":39,"column":48}},"18":{"start":{"line":43,"column":18},"end":{"line":43,"column":62}},"19":{"start":{"line":43,"column":47},"end":{"line":43,"column":61}},"20":{"start":{"line":44,"column":17},"end":{"line":48,"column":null}},"21":{"start":{"line":49,"column":4},"end":{"line":49,"column":16}},"22":{"start":{"line":53,"column":4},"end":{"line":53,"column":null}},"23":{"start":{"line":58,"column":9},"end":{"line":58,"column":24}}},"fnMap":{"0":{"name":"(anonymous_1)","decl":{"start":{"line":10,"column":2},"end":{"line":10,"column":null}},"loc":{"start":{"line":10,"column":2},"end":{"line":12,"column":3}}},"1":{"name":"(anonymous_2)","decl":{"start":{"line":14,"column":9},"end":{"line":14,"column":15}},"loc":{"start":{"line":14,"column":27},"end":{"line":19,"column":3}}},"2":{"name":"(anonymous_3)","decl":{"start":{"line":21,"column":2},"end":{"line":21,"column":8}},"loc":{"start":{"line":21,"column":8},"end":{"line":23,"column":3}}},"3":{"name":"(anonymous_4)","decl":{"start":{"line":25,"column":2},"end":{"line":25,"column":13}},"loc":{"start":{"line":25,"column":24},"end":{"line":28,"column":3}}},"4":{"name":"(anonymous_5)","decl":{"start":{"line":26,"column":33},"end":{"line":26,"column":37}},"loc":{"start":{"line":26,"column":41},"end":{"line":26,"column":55}}},"5":{"name":"(anonymous_6)","decl":{"start":{"line":30,"column":2},"end":{"line":30,"column":12}},"loc":{"start":{"line":30,"column":42},"end":{"line":35,"column":3}}},"6":{"name":"(anonymous_7)","decl":{"start":{"line":37,"column":2},"end":{"line":37,"column":12}},"loc":{"start":{"line":37,"column":23},"end":{"line":40,"column":3}}},"7":{"name":"(anonymous_8)","decl":{"start":{"line":38,"column":39},"end":{"line":38,"column":43}},"loc":{"start":{"line":38,"column":47},"end":{"line":38,"column":61}}},"8":{"name":"(anonymous_9)","decl":{"start":{"line":42,"column":2},"end":{"line":42,"column":12}},"loc":{"start":{"line":42,"column":36},"end":{"line":50,"column":3}}},"9":{"name":"(anonymous_10)","decl":{"start":{"line":43,"column":39},"end":{"line":43,"column":43}},"loc":{"start":{"line":43,"column":47},"end":{"line":43,"column":61}}},"10":{"name":"(anonymous_11)","decl":{"start":{"line":52,"column":2},"end":{"line":52,"column":8}},"loc":{"start":{"line":52,"column":8},"end":{"line":54,"column":3}}}},"branchMap":{"0":{"loc":{"start":{"line":15,"column":4},"end":{"line":17,"column":null}},"type":"if","locations":[{"start":{"line":15,"column":4},"end":{"line":17,"column":null}}]},"1":{"loc":{"start":{"line":39,"column":4},"end":{"line":39,"column":48}},"type":"if","locations":[{"start":{"line":39,"column":4},"end":{"line":39,"column":48}}]}},"s":{"0":7,"1":7,"2":7,"3":16,"4":7,"5":16,"6":3,"7":13,"8":15,"9":13,"10":4,"11":4,"12":4,"13":4,"14":3,"15":3,"16":3,"17":3,"18":2,"19":2,"20":2,"21":2,"22":1,"23":7},"f":{"0":7,"1":16,"2":3,"3":13,"4":15,"5":4,"6":3,"7":3,"8":2,"9":2,"10":1},"b":{"0":[7],"1":[3]}}
,"C:\\Users\\jorda\\projects\\processos-seletivos\\vagas\\src\\modules\\users\\useCases\\accessUser\\AccessUserController.ts": {"path":"C:\\Users\\jorda\\projects\\processos-seletivos\\vagas\\src\\modules\\users\\useCases\\accessUser\\AccessUserController.ts","statementMap":{"0":{"start":{"line":3,"column":0},"end":{"line":3,"column":38}},"1":{"start":{"line":6,"column":22},"end":{"line":6,"column":58}},"2":{"start":{"line":9,"column":4},"end":{"line":20,"column":null}},"3":{"start":{"line":10,"column":19},"end":{"line":10,"column":51}},"4":{"start":{"line":11,"column":6},"end":{"line":13,"column":9}},"5":{"start":{"line":15,"column":6},"end":{"line":19,"column":null}},"6":{"start":{"line":16,"column":8},"end":{"line":16,"column":null}},"7":{"start":{"line":18,"column":8},"end":{"line":18,"column":null}},"8":{"start":{"line":24,"column":9},"end":{"line":24,"column":29}}},"fnMap":{"0":{"name":"(anonymous_0)","decl":{"start":{"line":6,"column":2},"end":{"line":6,"column":22}},"loc":{"start":{"line":6,"column":58},"end":{"line":6,"column":62}}},"1":{"name":"(anonymous_1)","decl":{"start":{"line":8,"column":2},"end":{"line":8,"column":8}},"loc":{"start":{"line":8,"column":45},"end":{"line":21,"column":3}}}},"branchMap":{"0":{"loc":{"start":{"line":15,"column":6},"end":{"line":19,"column":null}},"type":"if","locations":[{"start":{"line":15,"column":6},"end":{"line":19,"column":null}},{"start":{"line":17,"column":13},"end":{"line":19,"column":null}}]}},"s":{"0":1,"1":1,"2":1,"3":1,"4":1,"5":0,"6":0,"7":0,"8":1},"f":{"0":1,"1":1},"b":{"0":[0,0]}}
,"C:\\Users\\jorda\\projects\\processos-seletivos\\vagas\\src\\modules\\users\\useCases\\accessUser\\AccessUserUsecase.ts": {"path":"C:\\Users\\jorda\\projects\\processos-seletivos\\vagas\\src\\modules\\users\\useCases\\accessUser\\AccessUserUsecase.ts","statementMap":{"0":{"start":{"line":4,"column":22},"end":{"line":4,"column":54}},"1":{"start":{"line":7,"column":4},"end":{"line":7,"column":40}},"2":{"start":{"line":11,"column":9},"end":{"line":11,"column":26}}},"fnMap":{"0":{"name":"(anonymous_0)","decl":{"start":{"line":4,"column":2},"end":{"line":4,"column":22}},"loc":{"start":{"line":4,"column":54},"end":{"line":4,"column":58}}},"1":{"name":"(anonymous_1)","decl":{"start":{"line":6,"column":2},"end":{"line":6,"column":9}},"loc":{"start":{"line":6,"column":9},"end":{"line":8,"column":3}}}},"branchMap":{},"s":{"0":1,"1":1,"2":1},"f":{"0":1,"1":1},"b":{}}
,"C:\\Users\\jorda\\projects\\processos-seletivos\\vagas\\src\\modules\\users\\useCases\\accessUser\\index.ts": {"path":"C:\\Users\\jorda\\projects\\processos-seletivos\\vagas\\src\\modules\\users\\useCases\\accessUser\\index.ts","statementMap":{"0":{"start":{"line":1,"column":0},"end":{"line":1,"column":68}},"1":{"start":{"line":2,"column":0},"end":{"line":2,"column":62}},"2":{"start":{"line":3,"column":0},"end":{"line":3,"column":56}},"3":{"start":{"line":5,"column":24},"end":{"line":5,"column":53}},"4":{"start":{"line":6,"column":26},"end":{"line":6,"column":64}},"5":{"start":{"line":7,"column":29},"end":{"line":7,"column":72}},"6":{"start":{"line":9,"column":9},"end":{"line":9,"column":29}}},"fnMap":{},"branchMap":{},"s":{"0":1,"1":1,"2":1,"3":1,"4":1,"5":1,"6":1},"f":{},"b":{}}
,"C:\\Users\\jorda\\projects\\processos-seletivos\\vagas\\src\\modules\\users\\useCases\\createUser\\CreateUserController.ts": {"path":"C:\\Users\\jorda\\projects\\processos-seletivos\\vagas\\src\\modules\\users\\useCases\\createUser\\CreateUserController.ts","statementMap":{"0":{"start":{"line":5,"column":22},"end":{"line":5,"column":58}},"1":{"start":{"line":8,"column":4},"end":{"line":18,"column":null}},"2":{"start":{"line":9,"column":28},"end":{"line":9,"column":40}},"3":{"start":{"line":10,"column":19},"end":{"line":10,"column":64}},"4":{"start":{"line":11,"column":6},"end":{"line":11,"column":45}},"5":{"start":{"line":13,"column":6},"end":{"line":17,"column":null}},"6":{"start":{"line":14,"column":8},"end":{"line":14,"column":null}},"7":{"start":{"line":16,"column":8},"end":{"line":16,"column":null}},"8":{"start":{"line":22,"column":9},"end":{"line":22,"column":29}}},"fnMap":{"0":{"name":"(anonymous_0)","decl":{"start":{"line":5,"column":2},"end":{"line":5,"column":22}},"loc":{"start":{"line":5,"column":58},"end":{"line":5,"column":62}}},"1":{"name":"(anonymous_1)","decl":{"start":{"line":7,"column":2},"end":{"line":7,"column":8}},"loc":{"start":{"line":7,"column":45},"end":{"line":19,"column":3}}}},"branchMap":{"0":{"loc":{"start":{"line":13,"column":6},"end":{"line":17,"column":null}},"type":"if","locations":[{"start":{"line":13,"column":6},"end":{"line":17,"column":null}},{"start":{"line":15,"column":13},"end":{"line":17,"column":null}}]}},"s":{"0":1,"1":2,"2":2,"3":2,"4":1,"5":1,"6":1,"7":0,"8":1},"f":{"0":1,"1":2},"b":{"0":[1,0]}}
,"C:\\Users\\jorda\\projects\\processos-seletivos\\vagas\\src\\modules\\users\\useCases\\createUser\\CreateUserUsecase.ts": {"path":"C:\\Users\\jorda\\projects\\processos-seletivos\\vagas\\src\\modules\\users\\useCases\\createUser\\CreateUserUsecase.ts","statementMap":{"0":{"start":{"line":10,"column":22},"end":{"line":10,"column":54}},"1":{"start":{"line":13,"column":4},"end":{"line":15,"column":null}},"2":{"start":{"line":14,"column":6},"end":{"line":14,"column":48}},"3":{"start":{"line":16,"column":17},"end":{"line":16,"column":62}},"4":{"start":{"line":17,"column":4},"end":{"line":17,"column":16}},"5":{"start":{"line":21,"column":9},"end":{"line":21,"column":26}}},"fnMap":{"0":{"name":"(anonymous_0)","decl":{"start":{"line":10,"column":2},"end":{"line":10,"column":22}},"loc":{"start":{"line":10,"column":54},"end":{"line":10,"column":58}}},"1":{"name":"(anonymous_1)","decl":{"start":{"line":12,"column":2},"end":{"line":12,"column":9}},"loc":{"start":{"line":12,"column":33},"end":{"line":18,"column":3}}}},"branchMap":{"0":{"loc":{"start":{"line":13,"column":4},"end":{"line":15,"column":null}},"type":"if","locations":[{"start":{"line":13,"column":4},"end":{"line":15,"column":null}}]},"1":{"loc":{"start":{"line":13,"column":8},"end":{"line":13,"column":47}},"type":"binary-expr","locations":[{"start":{"line":13,"column":8},"end":{"line":13,"column":26}},{"start":{"line":13,"column":30},"end":{"line":13,"column":47}}]}},"s":{"0":3,"1":4,"2":1,"3":3,"4":3,"5":3},"f":{"0":3,"1":4},"b":{"0":[1],"1":[4,3]}}
,"C:\\Users\\jorda\\projects\\processos-seletivos\\vagas\\src\\modules\\users\\useCases\\createUser\\index.ts": {"path":"C:\\Users\\jorda\\projects\\processos-seletivos\\vagas\\src\\modules\\users\\useCases\\createUser\\index.ts","statementMap":{"0":{"start":{"line":1,"column":0},"end":{"line":1,"column":68}},"1":{"start":{"line":2,"column":0},"end":{"line":2,"column":62}},"2":{"start":{"line":3,"column":0},"end":{"line":3,"column":56}},"3":{"start":{"line":5,"column":24},"end":{"line":5,"column":53}},"4":{"start":{"line":6,"column":26},"end":{"line":6,"column":64}},"5":{"start":{"line":7,"column":29},"end":{"line":7,"column":72}},"6":{"start":{"line":9,"column":9},"end":{"line":9,"column":29}}},"fnMap":{},"branchMap":{},"s":{"0":1,"1":1,"2":1,"3":1,"4":1,"5":1,"6":1},"f":{},"b":{}}
,"C:\\Users\\jorda\\projects\\processos-seletivos\\vagas\\src\\modules\\users\\useCases\\deleteUser\\DeleteUserController.ts": {"path":"C:\\Users\\jorda\\projects\\processos-seletivos\\vagas\\src\\modules\\users\\useCases\\deleteUser\\DeleteUserController.ts","statementMap":{"0":{"start":{"line":5,"column":22},"end":{"line":5,"column":58}},"1":{"start":{"line":8,"column":4},"end":{"line":19,"column":null}},"2":{"start":{"line":9,"column":26},"end":{"line":9,"column":40}},"3":{"start":{"line":10,"column":17},"end":{"line":10,"column":38}},"4":{"start":{"line":11,"column":6},"end":{"line":11,"column":45}},"5":{"start":{"line":12,"column":6},"end":{"line":12,"column":76}},"6":{"start":{"line":14,"column":6},"end":{"line":18,"column":null}},"7":{"start":{"line":15,"column":8},"end":{"line":15,"column":null}},"8":{"start":{"line":17,"column":8},"end":{"line":17,"column":null}},"9":{"start":{"line":23,"column":9},"end":{"line":23,"column":29}}},"fnMap":{"0":{"name":"(anonymous_0)","decl":{"start":{"line":5,"column":2},"end":{"line":5,"column":22}},"loc":{"start":{"line":5,"column":58},"end":{"line":5,"column":62}}},"1":{"name":"(anonymous_1)","decl":{"start":{"line":7,"column":2},"end":{"line":7,"column":8}},"loc":{"start":{"line":7,"column":45},"end":{"line":20,"column":3}}}},"branchMap":{"0":{"loc":{"start":{"line":14,"column":6},"end":{"line":18,"column":null}},"type":"if","locations":[{"start":{"line":14,"column":6},"end":{"line":18,"column":null}},{"start":{"line":16,"column":13},"end":{"line":18,"column":null}}]}},"s":{"0":1,"1":1,"2":1,"3":1,"4":1,"5":1,"6":0,"7":0,"8":0,"9":1},"f":{"0":1,"1":1},"b":{"0":[0,0]}}
,"C:\\Users\\jorda\\projects\\processos-seletivos\\vagas\\src\\modules\\users\\useCases\\deleteUser\\DeleteUserUsecase.ts": {"path":"C:\\Users\\jorda\\projects\\processos-seletivos\\vagas\\src\\modules\\users\\useCases\\deleteUser\\DeleteUserUsecase.ts","statementMap":{"0":{"start":{"line":8,"column":22},"end":{"line":8,"column":54}},"1":{"start":{"line":11,"column":17},"end":{"line":11,"column":52}},"2":{"start":{"line":12,"column":4},"end":{"line":14,"column":null}},"3":{"start":{"line":13,"column":6},"end":{"line":13,"column":45}},"4":{"start":{"line":16,"column":4},"end":{"line":16,"column":39}},"5":{"start":{"line":20,"column":9},"end":{"line":20,"column":26}}},"fnMap":{"0":{"name":"(anonymous_0)","decl":{"start":{"line":8,"column":2},"end":{"line":8,"column":22}},"loc":{"start":{"line":8,"column":54},"end":{"line":8,"column":58}}},"1":{"name":"(anonymous_1)","decl":{"start":{"line":10,"column":2},"end":{"line":10,"column":9}},"loc":{"start":{"line":10,"column":26},"end":{"line":17,"column":3}}}},"branchMap":{"0":{"loc":{"start":{"line":12,"column":4},"end":{"line":14,"column":null}},"type":"if","locations":[{"start":{"line":12,"column":4},"end":{"line":14,"column":null}}]}},"s":{"0":2,"1":3,"2":3,"3":1,"4":2,"5":2},"f":{"0":2,"1":3},"b":{"0":[1]}}
,"C:\\Users\\jorda\\projects\\processos-seletivos\\vagas\\src\\modules\\users\\useCases\\deleteUser\\index.ts": {"path":"C:\\Users\\jorda\\projects\\processos-seletivos\\vagas\\src\\modules\\users\\useCases\\deleteUser\\index.ts","statementMap":{"0":{"start":{"line":1,"column":0},"end":{"line":1,"column":68}},"1":{"start":{"line":2,"column":0},"end":{"line":2,"column":62}},"2":{"start":{"line":3,"column":0},"end":{"line":3,"column":56}},"3":{"start":{"line":5,"column":24},"end":{"line":5,"column":53}},"4":{"start":{"line":6,"column":26},"end":{"line":6,"column":64}},"5":{"start":{"line":7,"column":29},"end":{"line":7,"column":72}},"6":{"start":{"line":9,"column":9},"end":{"line":9,"column":29}}},"fnMap":{},"branchMap":{},"s":{"0":1,"1":1,"2":1,"3":1,"4":1,"5":1,"6":1},"f":{},"b":{}}
,"C:\\Users\\jorda\\projects\\processos-seletivos\\vagas\\src\\modules\\users\\useCases\\getAllUsers\\GetAllUsersController.ts": {"path":"C:\\Users\\jorda\\projects\\processos-seletivos\\vagas\\src\\modules\\users\\useCases\\getAllUsers\\GetAllUsersController.ts","statementMap":{"0":{"start":{"line":5,"column":22},"end":{"line":5,"column":60}},"1":{"start":{"line":8,"column":4},"end":{"line":17,"column":null}},"2":{"start":{"line":9,"column":20},"end":{"line":9,"column":53}},"3":{"start":{"line":10,"column":6},"end":{"line":10,"column":34}},"4":{"start":{"line":12,"column":6},"end":{"line":16,"column":null}},"5":{"start":{"line":13,"column":8},"end":{"line":13,"column":null}},"6":{"start":{"line":15,"column":8},"end":{"line":15,"column":null}},"7":{"start":{"line":21,"column":9},"end":{"line":21,"column":30}}},"fnMap":{"0":{"name":"(anonymous_0)","decl":{"start":{"line":5,"column":2},"end":{"line":5,"column":22}},"loc":{"start":{"line":5,"column":60},"end":{"line":5,"column":64}}},"1":{"name":"(anonymous_1)","decl":{"start":{"line":7,"column":2},"end":{"line":7,"column":8}},"loc":{"start":{"line":7,"column":45},"end":{"line":18,"column":3}}}},"branchMap":{"0":{"loc":{"start":{"line":12,"column":6},"end":{"line":16,"column":null}},"type":"if","locations":[{"start":{"line":12,"column":6},"end":{"line":16,"column":null}},{"start":{"line":14,"column":13},"end":{"line":16,"column":null}}]}},"s":{"0":1,"1":1,"2":1,"3":1,"4":0,"5":0,"6":0,"7":1},"f":{"0":1,"1":1},"b":{"0":[0,0]}}
,"C:\\Users\\jorda\\projects\\processos-seletivos\\vagas\\src\\modules\\users\\useCases\\getAllUsers\\GetAllUsersUsecase.ts": {"path":"C:\\Users\\jorda\\projects\\processos-seletivos\\vagas\\src\\modules\\users\\useCases\\getAllUsers\\GetAllUsersUsecase.ts","statementMap":{"0":{"start":{"line":5,"column":22},"end":{"line":5,"column":54}},"1":{"start":{"line":8,"column":4},"end":{"line":8,"column":40}},"2":{"start":{"line":12,"column":9},"end":{"line":12,"column":27}}},"fnMap":{"0":{"name":"(anonymous_0)","decl":{"start":{"line":5,"column":2},"end":{"line":5,"column":22}},"loc":{"start":{"line":5,"column":54},"end":{"line":5,"column":58}}},"1":{"name":"(anonymous_1)","decl":{"start":{"line":7,"column":2},"end":{"line":7,"column":9}},"loc":{"start":{"line":7,"column":9},"end":{"line":9,"column":3}}}},"branchMap":{},"s":{"0":2,"1":2,"2":2},"f":{"0":2,"1":2},"b":{}}
,"C:\\Users\\jorda\\projects\\processos-seletivos\\vagas\\src\\modules\\users\\useCases\\getAllUsers\\index.ts": {"path":"C:\\Users\\jorda\\projects\\processos-seletivos\\vagas\\src\\modules\\users\\useCases\\getAllUsers\\index.ts","statementMap":{"0":{"start":{"line":1,"column":0},"end":{"line":1,"column":68}},"1":{"start":{"line":2,"column":0},"end":{"line":2,"column":64}},"2":{"start":{"line":3,"column":0},"end":{"line":3,"column":58}},"3":{"start":{"line":5,"column":24},"end":{"line":5,"column":53}},"4":{"start":{"line":6,"column":27},"end":{"line":6,"column":66}},"5":{"start":{"line":7,"column":30},"end":{"line":7,"column":75}},"6":{"start":{"line":9,"column":9},"end":{"line":9,"column":30}}},"fnMap":{},"branchMap":{},"s":{"0":1,"1":1,"2":1,"3":1,"4":1,"5":1,"6":1},"f":{},"b":{}}
,"C:\\Users\\jorda\\projects\\processos-seletivos\\vagas\\src\\modules\\users\\useCases\\getUser\\GetUserController.ts": {"path":"C:\\Users\\jorda\\projects\\processos-seletivos\\vagas\\src\\modules\\users\\useCases\\getUser\\GetUserController.ts","statementMap":{"0":{"start":{"line":5,"column":22},"end":{"line":5,"column":52}},"1":{"start":{"line":8,"column":4},"end":{"line":19,"column":null}},"2":{"start":{"line":9,"column":24},"end":{"line":9,"column":38}},"3":{"start":{"line":10,"column":17},"end":{"line":10,"column":38}},"4":{"start":{"line":11,"column":19},"end":{"line":11,"column":54}},"5":{"start":{"line":12,"column":6},"end":{"line":12,"column":33}},"6":{"start":{"line":14,"column":6},"end":{"line":18,"column":null}},"7":{"start":{"line":15,"column":8},"end":{"line":15,"column":null}},"8":{"start":{"line":17,"column":8},"end":{"line":17,"column":null}},"9":{"start":{"line":23,"column":9},"end":{"line":23,"column":26}}},"fnMap":{"0":{"name":"(anonymous_0)","decl":{"start":{"line":5,"column":2},"end":{"line":5,"column":22}},"loc":{"start":{"line":5,"column":52},"end":{"line":5,"column":56}}},"1":{"name":"(anonymous_1)","decl":{"start":{"line":7,"column":2},"end":{"line":7,"column":8}},"loc":{"start":{"line":7,"column":45},"end":{"line":20,"column":3}}}},"branchMap":{"0":{"loc":{"start":{"line":14,"column":6},"end":{"line":18,"column":null}},"type":"if","locations":[{"start":{"line":14,"column":6},"end":{"line":18,"column":null}},{"start":{"line":16,"column":13},"end":{"line":18,"column":null}}]}},"s":{"0":1,"1":2,"2":2,"3":2,"4":2,"5":1,"6":1,"7":1,"8":0,"9":1},"f":{"0":1,"1":2},"b":{"0":[1,0]}}
,"C:\\Users\\jorda\\projects\\processos-seletivos\\vagas\\src\\modules\\users\\useCases\\getUser\\GetUserUsecase.ts": {"path":"C:\\Users\\jorda\\projects\\processos-seletivos\\vagas\\src\\modules\\users\\useCases\\getUser\\GetUserUsecase.ts","statementMap":{"0":{"start":{"line":9,"column":22},"end":{"line":9,"column":54}},"1":{"start":{"line":12,"column":17},"end":{"line":12,"column":52}},"2":{"start":{"line":13,"column":4},"end":{"line":15,"column":null}},"3":{"start":{"line":14,"column":6},"end":{"line":14,"column":45}},"4":{"start":{"line":16,"column":4},"end":{"line":16,"column":16}},"5":{"start":{"line":20,"column":9},"end":{"line":20,"column":23}}},"fnMap":{"0":{"name":"(anonymous_0)","decl":{"start":{"line":9,"column":2},"end":{"line":9,"column":22}},"loc":{"start":{"line":9,"column":54},"end":{"line":9,"column":58}}},"1":{"name":"(anonymous_1)","decl":{"start":{"line":11,"column":2},"end":{"line":11,"column":9}},"loc":{"start":{"line":11,"column":26},"end":{"line":17,"column":3}}}},"branchMap":{"0":{"loc":{"start":{"line":13,"column":4},"end":{"line":15,"column":null}},"type":"if","locations":[{"start":{"line":13,"column":4},"end":{"line":15,"column":null}}]}},"s":{"0":3,"1":5,"2":5,"3":2,"4":3,"5":3},"f":{"0":3,"1":5},"b":{"0":[2]}}
,"C:\\Users\\jorda\\projects\\processos-seletivos\\vagas\\src\\modules\\users\\useCases\\getUser\\index.ts": {"path":"C:\\Users\\jorda\\projects\\processos-seletivos\\vagas\\src\\modules\\users\\useCases\\getUser\\index.ts","statementMap":{"0":{"start":{"line":1,"column":0},"end":{"line":1,"column":69}},"1":{"start":{"line":2,"column":0},"end":{"line":2,"column":56}},"2":{"start":{"line":3,"column":0},"end":{"line":3,"column":50}},"3":{"start":{"line":5,"column":24},"end":{"line":5,"column":53}},"4":{"start":{"line":6,"column":23},"end":{"line":6,"column":58}},"5":{"start":{"line":7,"column":26},"end":{"line":7,"column":63}},"6":{"start":{"line":9,"column":9},"end":{"line":9,"column":26}}},"fnMap":{},"branchMap":{},"s":{"0":1,"1":1,"2":1,"3":1,"4":1,"5":1,"6":1},"f":{},"b":{}}
,"C:\\Users\\jorda\\projects\\processos-seletivos\\vagas\\src\\modules\\users\\useCases\\updateUser\\UpdateUserController.ts": {"path":"C:\\Users\\jorda\\projects\\processos-seletivos\\vagas\\src\\modules\\users\\useCases\\updateUser\\UpdateUserController.ts","statementMap":{"0":{"start":{"line":5,"column":22},"end":{"line":5,"column":58}},"1":{"start":{"line":8,"column":4},"end":{"line":20,"column":null}},"2":{"start":{"line":9,"column":28},"end":{"line":9,"column":40}},"3":{"start":{"line":10,"column":26},"end":{"line":10,"column":40}},"4":{"start":{"line":11,"column":17},"end":{"line":11,"column":38}},"5":{"start":{"line":12,"column":19},"end":{"line":12,"column":68}},"6":{"start":{"line":13,"column":6},"end":{"line":13,"column":33}},"7":{"start":{"line":15,"column":6},"end":{"line":19,"column":null}},"8":{"start":{"line":16,"column":8},"end":{"line":16,"column":null}},"9":{"start":{"line":18,"column":8},"end":{"line":18,"column":null}},"10":{"start":{"line":24,"column":9},"end":{"line":24,"column":29}}},"fnMap":{"0":{"name":"(anonymous_0)","decl":{"start":{"line":5,"column":2},"end":{"line":5,"column":22}},"loc":{"start":{"line":5,"column":58},"end":{"line":5,"column":62}}},"1":{"name":"(anonymous_1)","decl":{"start":{"line":7,"column":2},"end":{"line":7,"column":8}},"loc":{"start":{"line":7,"column":45},"end":{"line":21,"column":3}}}},"branchMap":{"0":{"loc":{"start":{"line":15,"column":6},"end":{"line":19,"column":null}},"type":"if","locations":[{"start":{"line":15,"column":6},"end":{"line":19,"column":null}},{"start":{"line":17,"column":13},"end":{"line":19,"column":null}}]}},"s":{"0":1,"1":1,"2":1,"3":1,"4":1,"5":1,"6":1,"7":0,"8":0,"9":0,"10":1},"f":{"0":1,"1":1},"b":{"0":[0,0]}}
,"C:\\Users\\jorda\\projects\\processos-seletivos\\vagas\\src\\modules\\users\\useCases\\updateUser\\UpdateUserUsecase.ts": {"path":"C:\\Users\\jorda\\projects\\processos-seletivos\\vagas\\src\\modules\\users\\useCases\\updateUser\\UpdateUserUsecase.ts","statementMap":{"0":{"start":{"line":11,"column":22},"end":{"line":11,"column":54}},"1":{"start":{"line":14,"column":15},"end":{"line":14,"column":50}},"2":{"start":{"line":15,"column":4},"end":{"line":17,"column":null}},"3":{"start":{"line":16,"column":6},"end":{"line":16,"column":45}},"4":{"start":{"line":19,"column":4},"end":{"line":19,"column":61}},"5":{"start":{"line":20,"column":4},"end":{"line":20,"column":16}},"6":{"start":{"line":24,"column":9},"end":{"line":24,"column":26}}},"fnMap":{"0":{"name":"(anonymous_0)","decl":{"start":{"line":11,"column":2},"end":{"line":11,"column":22}},"loc":{"start":{"line":11,"column":54},"end":{"line":11,"column":58}}},"1":{"name":"(anonymous_1)","decl":{"start":{"line":13,"column":2},"end":{"line":13,"column":9}},"loc":{"start":{"line":13,"column":37},"end":{"line":21,"column":3}}}},"branchMap":{"0":{"loc":{"start":{"line":15,"column":4},"end":{"line":17,"column":null}},"type":"if","locations":[{"start":{"line":15,"column":4},"end":{"line":17,"column":null}}]}},"s":{"0":1,"1":1,"2":1,"3":0,"4":1,"5":1,"6":1},"f":{"0":1,"1":1},"b":{"0":[0]}}
,"C:\\Users\\jorda\\projects\\processos-seletivos\\vagas\\src\\modules\\users\\useCases\\updateUser\\index.ts": {"path":"C:\\Users\\jorda\\projects\\processos-seletivos\\vagas\\src\\modules\\users\\useCases\\updateUser\\index.ts","statementMap":{"0":{"start":{"line":1,"column":0},"end":{"line":1,"column":68}},"1":{"start":{"line":2,"column":0},"end":{"line":2,"column":62}},"2":{"start":{"line":3,"column":0},"end":{"line":3,"column":56}},"3":{"start":{"line":5,"column":24},"end":{"line":5,"column":53}},"4":{"start":{"line":6,"column":26},"end":{"line":6,"column":64}},"5":{"start":{"line":7,"column":29},"end":{"line":7,"column":72}},"6":{"start":{"line":9,"column":9},"end":{"line":9,"column":29}}},"fnMap":{},"branchMap":{},"s":{"0":1,"1":1,"2":1,"3":1,"4":1,"5":1,"6":1},"f":{},"b":{}}
,"C:\\Users\\jorda\\projects\\processos-seletivos\\vagas\\src\\routes\\api\\auth.routes.ts": {"path":"C:\\Users\\jorda\\projects\\processos-seletivos\\vagas\\src\\routes\\api\\auth.routes.ts","statementMap":{"0":{"start":{"line":1,"column":0},"end":{"line":1,"column":52}},"1":{"start":{"line":2,"column":0},"end":{"line":2,"column":31}},"2":{"start":{"line":4,"column":15},"end":{"line":4,"column":23}},"3":{"start":{"line":17,"column":9},"end":{"line":17,"column":15}},"4":{"start":{"line":6,"column":0},"end":{"line":15,"column":null}},"5":{"start":{"line":7,"column":24},"end":{"line":7,"column":36}},"6":{"start":{"line":9,"column":28},"end":{"line":9,"column":32}},"7":{"start":{"line":11,"column":2},"end":{"line":14,"column":null}},"8":{"start":{"line":12,"column":18},"end":{"line":12,"column":57}},"9":{"start":{"line":13,"column":4},"end":{"line":13,"column":null}}},"fnMap":{"0":{"name":"(anonymous_1)","decl":{"start":{"line":6,"column":17},"end":{"line":6,"column":18}},"loc":{"start":{"line":6,"column":53},"end":{"line":15,"column":1}}}},"branchMap":{"0":{"loc":{"start":{"line":11,"column":2},"end":{"line":14,"column":null}},"type":"if","locations":[{"start":{"line":11,"column":2},"end":{"line":14,"column":null}}]}},"s":{"0":1,"1":1,"2":1,"3":1,"4":1,"5":0,"6":0,"7":0,"8":0,"9":0},"f":{"0":0},"b":{"0":[0]}}
,"C:\\Users\\jorda\\projects\\processos-seletivos\\vagas\\src\\routes\\api\\users.routes.ts": {"path":"C:\\Users\\jorda\\projects\\processos-seletivos\\vagas\\src\\routes\\api\\users.routes.ts","statementMap":{"0":{"start":{"line":1,"column":0},"end":{"line":1,"column":52}},"1":{"start":{"line":2,"column":0},"end":{"line":2,"column":81}},"2":{"start":{"line":3,"column":0},"end":{"line":3,"column":73}},"3":{"start":{"line":4,"column":0},"end":{"line":4,"column":79}},"4":{"start":{"line":5,"column":0},"end":{"line":5,"column":79}},"5":{"start":{"line":6,"column":0},"end":{"line":6,"column":79}},"6":{"start":{"line":7,"column":0},"end":{"line":7,"column":56}},"7":{"start":{"line":8,"column":0},"end":{"line":8,"column":79}},"8":{"start":{"line":9,"column":0},"end":{"line":9,"column":79}},"9":{"start":{"line":11,"column":15},"end":{"line":11,"column":23}},"10":{"start":{"line":37,"column":9},"end":{"line":37,"column":15}},"11":{"start":{"line":13,"column":0},"end":{"line":15,"column":null}},"12":{"start":{"line":14,"column":2},"end":{"line":14,"column":41}},"13":{"start":{"line":17,"column":0},"end":{"line":19,"column":null}},"14":{"start":{"line":18,"column":2},"end":{"line":18,"column":37}},"15":{"start":{"line":21,"column":0},"end":{"line":23,"column":null}},"16":{"start":{"line":22,"column":2},"end":{"line":22,"column":40}},"17":{"start":{"line":25,"column":0},"end":{"line":27,"column":null}},"18":{"start":{"line":26,"column":2},"end":{"line":26,"column":40}},"19":{"start":{"line":29,"column":0},"end":{"line":31,"column":null}},"20":{"start":{"line":30,"column":2},"end":{"line":30,"column":40}},"21":{"start":{"line":33,"column":0},"end":{"line":35,"column":null}},"22":{"start":{"line":34,"column":2},"end":{"line":34,"column":40}}},"fnMap":{"0":{"name":"(anonymous_0)","decl":{"start":{"line":13,"column":16},"end":{"line":13,"column":17}},"loc":{"start":{"line":13,"column":48},"end":{"line":15,"column":1}}},"1":{"name":"(anonymous_1)","decl":{"start":{"line":17,"column":43},"end":{"line":17,"column":44}},"loc":{"start":{"line":17,"column":75},"end":{"line":19,"column":1}}},"2":{"name":"(anonymous_2)","decl":{"start":{"line":21,"column":27},"end":{"line":21,"column":28}},"loc":{"start":{"line":21,"column":59},"end":{"line":23,"column":1}}},"3":{"name":"(anonymous_3)","decl":{"start":{"line":25,"column":17},"end":{"line":25,"column":18}},"loc":{"start":{"line":25,"column":49},"end":{"line":27,"column":1}}},"4":{"name":"(anonymous_4)","decl":{"start":{"line":29,"column":35},"end":{"line":29,"column":36}},"loc":{"start":{"line":29,"column":67},"end":{"line":31,"column":1}}},"5":{"name":"(anonymous_5)","decl":{"start":{"line":33,"column":38},"end":{"line":33,"column":39}},"loc":{"start":{"line":33,"column":70},"end":{"line":35,"column":1}}}},"branchMap":{},"s":{"0":1,"1":1,"2":1,"3":1,"4":1,"5":1,"6":1,"7":1,"8":1,"9":1,"10":1,"11":1,"12":1,"13":1,"14":2,"15":1,"16":1,"17":1,"18":2,"19":1,"20":1,"21":1,"22":1},"f":{"0":1,"1":2,"2":1,"3":2,"4":1,"5":1},"b":{}}
,"C:\\Users\\jorda\\projects\\processos-seletivos\\vagas\\tests\\testingUtils.ts": {"path":"C:\\Users\\jorda\\projects\\processos-seletivos\\vagas\\tests\\testingUtils.ts","statementMap":{"0":{"start":{"line":2,"column":21},"end":{"line":2,"column":175}},"1":{"start":{"line":4,"column":9},"end":{"line":4,"column":21}}},"fnMap":{},"branchMap":{},"s":{"0":1,"1":1},"f":{},"b":{}}
}
