{"C:\\Users\\jorda\\projects\\processos-seletivos\\vagas\\src\\app.ts": {"path":"C:\\Users\\jorda\\projects\\processos-seletivos\\vagas\\src\\app.ts","statementMap":{"0":{"start":{"line":1,"column":0},"end":{"line":1,"column":47}},"1":{"start":{"line":3,"column":0},"end":{"line":3,"column":65}},"2":{"start":{"line":4,"column":0},"end":{"line":4,"column":63}},"3":{"start":{"line":6,"column":25},"end":{"line":6,"column":34}},"4":{"start":{"line":8,"column":0},"end":{"line":8,"column":31}},"5":{"start":{"line":9,"column":0},"end":{"line":9,"column":47}},"6":{"start":{"line":11,"column":0},"end":{"line":11,"column":24}},"7":{"start":{"line":12,"column":0},"end":{"line":12,"column":48}},"8":{"start":{"line":14,"column":0},"end":{"line":14,"column":35}},"9":{"start":{"line":15,"column":0},"end":{"line":15,"column":34}},"10":{"start":{"line":17,"column":0},"end":{"line":17,"column":19}}},"fnMap":{},"branchMap":{},"s":{"0":1,"1":1,"2":1,"3":1,"4":1,"5":1,"6":1,"7":1,"8":1,"9":1,"10":1},"f":{},"b":{}}
,"C:\\Users\\jorda\\projects\\processos-seletivos\\vagas\\src\\fakeData.ts": {"path":"C:\\Users\\jorda\\projects\\processos-seletivos\\vagas\\src\\fakeData.ts","statementMap":{"0":{"start":{"line":1,"column":17},"end":{"line":14,"column":null}},"1":{"start":{"line":16,"column":0},"end":{"line":16,"column":null}}},"fnMap":{},"branchMap":{},"s":{"0":7,"1":7},"f":{},"b":{}}
,"C:\\Users\\jorda\\projects\\processos-seletivos\\vagas\\src\\middlewares\\auth\\auth.ts": {"path":"C:\\Users\\jorda\\projects\\processos-seletivos\\vagas\\src\\middlewares\\auth\\auth.ts","statementMap":{"0":{"start":{"line":2,"column":0},"end":{"line":2,"column":31}},"1":{"start":{"line":4,"column":18},"end":{"line":29,"column":1}},"2":{"start":{"line":5,"column":21},"end":{"line":5,"column":49}},"3":{"start":{"line":7,"column":2},"end":{"line":11,"column":null}},"4":{"start":{"line":8,"column":4},"end":{"line":10,"column":7}},"5":{"start":{"line":13,"column":16},"end":{"line":13,"column":40}},"6":{"start":{"line":15,"column":2},"end":{"line":19,"column":null}},"7":{"start":{"line":16,"column":4},"end":{"line":18,"column":7}},"8":{"start":{"line":21,"column":2},"end":{"line":28,"column":null}},"9":{"start":{"line":22,"column":4},"end":{"line":26,"column":null}},"10":{"start":{"line":23,"column":6},"end":{"line":25,"column":9}},"11":{"start":{"line":27,"column":4},"end":{"line":27,"column":11}},"12":{"start":{"line":31,"column":9},"end":{"line":31,"column":18}}},"fnMap":{"0":{"name":"(anonymous_1)","decl":{"start":{"line":4,"column":18},"end":{"line":4,"column":19}},"loc":{"start":{"line":4,"column":70},"end":{"line":29,"column":1}}},"1":{"name":"(anonymous_2)","decl":{"start":{"line":21,"column":35},"end":{"line":21,"column":36}},"loc":{"start":{"line":21,"column":49},"end":{"line":28,"column":3}}}},"branchMap":{"0":{"loc":{"start":{"line":7,"column":2},"end":{"line":11,"column":null}},"type":"if","locations":[{"start":{"line":7,"column":2},"end":{"line":11,"column":null}}]},"1":{"loc":{"start":{"line":15,"column":2},"end":{"line":19,"column":null}},"type":"if","locations":[{"start":{"line":15,"column":2},"end":{"line":19,"column":null}}]},"2":{"loc":{"start":{"line":22,"column":4},"end":{"line":26,"column":null}},"type":"if","locations":[{"start":{"line":22,"column":4},"end":{"line":26,"column":null}}]}},"s":{"0":1,"1":1,"2":4,"3":4,"4":2,"5":2,"6":2,"7":0,"8":2,"9":2,"10":0,"11":2,"12":1},"f":{"0":4,"1":2},"b":{"0":[2],"1":[0],"2":[0]}}
,"C:\\Users\\jorda\\projects\\processos-seletivos\\vagas\\src\\modules\\users\\model\\userBuilder.ts": {"path":"C:\\Users\\jorda\\projects\\processos-seletivos\\vagas\\src\\modules\\users\\model\\userBuilder.ts","statementMap":{"0":{"start":{"line":1,"column":0},"end":{"line":1,"column":42}},"1":{"start":{"line":7,"column":4},"end":{"line":11,"column":13}},"2":{"start":{"line":15,"column":9},"end":{"line":15,"column":20}}},"fnMap":{"0":{"name":"(anonymous_0)","decl":{"start":{"line":6,"column":2},"end":{"line":6,"column":8}},"loc":{"start":{"line":6,"column":33},"end":{"line":12,"column":3}}}},"branchMap":{},"s":{"0":7,"1":34,"2":7},"f":{"0":34},"b":{}}
,"C:\\Users\\jorda\\projects\\processos-seletivos\\vagas\\src\\modules\\users\\model\\userResponse.ts": {"path":"C:\\Users\\jorda\\projects\\processos-seletivos\\vagas\\src\\modules\\users\\model\\userResponse.ts","statementMap":{"0":{"start":{"line":8,"column":4},"end":{"line":8,"column":17}},"1":{"start":{"line":9,"column":4},"end":{"line":9,"column":21}},"2":{"start":{"line":10,"column":4},"end":{"line":10,"column":19}},"3":{"start":{"line":11,"column":4},"end":{"line":11,"column":19}},"4":{"start":{"line":1,"column":0},"end":{"line":1,"column":21}}},"fnMap":{"0":{"name":"(anonymous_0)","decl":{"start":{"line":7,"column":2},"end":{"line":7,"column":14}},"loc":{"start":{"line":7,"column":51},"end":{"line":12,"column":3}}}},"branchMap":{},"s":{"0":4,"1":4,"2":4,"3":4,"4":7},"f":{"0":4},"b":{}}
,"C:\\Users\\jorda\\projects\\processos-seletivos\\vagas\\src\\modules\\users\\model\\users.ts": {"path":"C:\\Users\\jorda\\projects\\processos-seletivos\\vagas\\src\\modules\\users\\model\\users.ts","statementMap":{"0":{"start":{"line":7,"column":4},"end":{"line":7,"column":17}},"1":{"start":{"line":8,"column":4},"end":{"line":8,"column":21}},"2":{"start":{"line":9,"column":4},"end":{"line":9,"column":19}},"3":{"start":{"line":1,"column":0},"end":{"line":1,"column":21}}},"fnMap":{"0":{"name":"(anonymous_0)","decl":{"start":{"line":6,"column":2},"end":{"line":6,"column":14}},"loc":{"start":{"line":6,"column":51},"end":{"line":10,"column":3}}}},"branchMap":{},"s":{"0":1,"1":1,"2":1,"3":1},"f":{"0":1},"b":{}}
,"C:\\Users\\jorda\\projects\\processos-seletivos\\vagas\\src\\modules\\users\\repositories\\UsersRepository.ts": {"path":"C:\\Users\\jorda\\projects\\processos-seletivos\\vagas\\src\\modules\\users\\repositories\\UsersRepository.ts","statementMap":{"0":{"start":{"line":1,"column":0},"end":{"line":1,"column":41}},"1":{"start":{"line":2,"column":0},"end":{"line":2,"column":51}},"2":{"start":{"line":3,"column":0},"end":{"line":3,"column":49}},"3":{"start":{"line":13,"column":4},"end":{"line":13,"column":26}},"4":{"start":{"line":17,"column":4},"end":{"line":19,"column":null}},"5":{"start":{"line":18,"column":6},"end":{"line":18,"column":53}},"6":{"start":{"line":20,"column":4},"end":{"line":20,"column":36}},"7":{"start":{"line":24,"column":4},"end":{"line":24,"column":59}},"8":{"start":{"line":24,"column":34},"end":{"line":24,"column":57}},"9":{"start":{"line":28,"column":17},"end":{"line":28,"column":56}},"10":{"start":{"line":28,"column":41},"end":{"line":28,"column":55}},"11":{"start":{"line":29,"column":4},"end":{"line":31,"column":null}},"12":{"start":{"line":30,"column":6},"end":{"line":30,"column":18}},"13":{"start":{"line":32,"column":4},"end":{"line":32,"column":17}},"14":{"start":{"line":33,"column":4},"end":{"line":33,"column":35}},"15":{"start":{"line":37,"column":44},"end":{"line":37,"column":65}},"16":{"start":{"line":38,"column":17},"end":{"line":38,"column":77}},"17":{"start":{"line":39,"column":4},"end":{"line":39,"column":null}},"18":{"start":{"line":40,"column":4},"end":{"line":40,"column":35}},"19":{"start":{"line":44,"column":18},"end":{"line":44,"column":62}},"20":{"start":{"line":44,"column":47},"end":{"line":44,"column":61}},"21":{"start":{"line":45,"column":4},"end":{"line":45,"column":48}},"22":{"start":{"line":45,"column":20},"end":{"line":45,"column":48}},"23":{"start":{"line":49,"column":18},"end":{"line":49,"column":62}},"24":{"start":{"line":49,"column":47},"end":{"line":49,"column":61}},"25":{"start":{"line":50,"column":17},"end":{"line":54,"column":null}},"26":{"start":{"line":55,"column":4},"end":{"line":55,"column":35}},"27":{"start":{"line":59,"column":17},"end":{"line":59,"column":56}},"28":{"start":{"line":59,"column":41},"end":{"line":59,"column":55}},"29":{"start":{"line":60,"column":4},"end":{"line":60,"column":50}},"30":{"start":{"line":65,"column":9},"end":{"line":65,"column":24}}},"fnMap":{"0":{"name":"(anonymous_1)","decl":{"start":{"line":12,"column":2},"end":{"line":12,"column":null}},"loc":{"start":{"line":12,"column":2},"end":{"line":14,"column":3}}},"1":{"name":"(anonymous_2)","decl":{"start":{"line":16,"column":9},"end":{"line":16,"column":15}},"loc":{"start":{"line":16,"column":27},"end":{"line":21,"column":3}}},"2":{"name":"(anonymous_3)","decl":{"start":{"line":23,"column":2},"end":{"line":23,"column":8}},"loc":{"start":{"line":23,"column":8},"end":{"line":25,"column":3}}},"3":{"name":"(anonymous_4)","decl":{"start":{"line":24,"column":26},"end":{"line":24,"column":30}},"loc":{"start":{"line":24,"column":34},"end":{"line":24,"column":57}}},"4":{"name":"(anonymous_5)","decl":{"start":{"line":27,"column":2},"end":{"line":27,"column":13}},"loc":{"start":{"line":27,"column":24},"end":{"line":34,"column":3}}},"5":{"name":"(anonymous_6)","decl":{"start":{"line":28,"column":33},"end":{"line":28,"column":37}},"loc":{"start":{"line":28,"column":41},"end":{"line":28,"column":55}}},"6":{"name":"(anonymous_7)","decl":{"start":{"line":36,"column":2},"end":{"line":36,"column":12}},"loc":{"start":{"line":36,"column":42},"end":{"line":41,"column":3}}},"7":{"name":"(anonymous_8)","decl":{"start":{"line":43,"column":2},"end":{"line":43,"column":12}},"loc":{"start":{"line":43,"column":23},"end":{"line":46,"column":3}}},"8":{"name":"(anonymous_9)","decl":{"start":{"line":44,"column":39},"end":{"line":44,"column":43}},"loc":{"start":{"line":44,"column":47},"end":{"line":44,"column":61}}},"9":{"name":"(anonymous_10)","decl":{"start":{"line":48,"column":2},"end":{"line":48,"column":12}},"loc":{"start":{"line":48,"column":36},"end":{"line":56,"column":3}}},"10":{"name":"(anonymous_11)","decl":{"start":{"line":49,"column":39},"end":{"line":49,"column":43}},"loc":{"start":{"line":49,"column":47},"end":{"line":49,"column":61}}},"11":{"name":"(anonymous_12)","decl":{"start":{"line":58,"column":2},"end":{"line":58,"column":8}},"loc":{"start":{"line":58,"column":19},"end":{"line":61,"column":3}}},"12":{"name":"(anonymous_13)","decl":{"start":{"line":59,"column":33},"end":{"line":59,"column":37}},"loc":{"start":{"line":59,"column":41},"end":{"line":59,"column":55}}}},"branchMap":{"0":{"loc":{"start":{"line":17,"column":4},"end":{"line":19,"column":null}},"type":"if","locations":[{"start":{"line":17,"column":4},"end":{"line":19,"column":null}}]},"1":{"loc":{"start":{"line":29,"column":4},"end":{"line":31,"column":null}},"type":"if","locations":[{"start":{"line":29,"column":4},"end":{"line":31,"column":null}}]},"2":{"loc":{"start":{"line":45,"column":4},"end":{"line":45,"column":48}},"type":"if","locations":[{"start":{"line":45,"column":4},"end":{"line":45,"column":48}}]}},"s":{"0":7,"1":7,"2":7,"3":7,"4":16,"5":7,"6":16,"7":3,"8":6,"9":13,"10":15,"11":13,"12":4,"13":9,"14":9,"15":4,"16":4,"17":4,"18":4,"19":3,"20":3,"21":3,"22":3,"23":2,"24":2,"25":2,"26":2,"27":1,"28":2,"29":1,"30":7},"f":{"0":7,"1":16,"2":3,"3":6,"4":13,"5":15,"6":4,"7":3,"8":3,"9":2,"10":2,"11":1,"12":2},"b":{"0":[7],"1":[4],"2":[3]}}
,"C:\\Users\\jorda\\projects\\processos-seletivos\\vagas\\src\\modules\\users\\useCases\\accessUser\\AccessUserController.ts": {"path":"C:\\Users\\jorda\\projects\\processos-seletivos\\vagas\\src\\modules\\users\\useCases\\accessUser\\AccessUserController.ts","statementMap":{"0":{"start":{"line":5,"column":22},"end":{"line":5,"column":58}},"1":{"start":{"line":8,"column":4},"end":{"line":19,"column":null}},"2":{"start":{"line":9,"column":24},"end":{"line":9,"column":38}},"3":{"start":{"line":10,"column":17},"end":{"line":10,"column":38}},"4":{"start":{"line":11,"column":26},"end":{"line":11,"column":64}},"5":{"start":{"line":12,"column":6},"end":{"line":12,"column":52}},"6":{"start":{"line":14,"column":6},"end":{"line":18,"column":null}},"7":{"start":{"line":15,"column":8},"end":{"line":15,"column":null}},"8":{"start":{"line":17,"column":8},"end":{"line":17,"column":null}},"9":{"start":{"line":23,"column":9},"end":{"line":23,"column":29}}},"fnMap":{"0":{"name":"(anonymous_0)","decl":{"start":{"line":5,"column":2},"end":{"line":5,"column":22}},"loc":{"start":{"line":5,"column":58},"end":{"line":5,"column":62}}},"1":{"name":"(anonymous_1)","decl":{"start":{"line":7,"column":2},"end":{"line":7,"column":8}},"loc":{"start":{"line":7,"column":45},"end":{"line":20,"column":3}}}},"branchMap":{"0":{"loc":{"start":{"line":14,"column":6},"end":{"line":18,"column":null}},"type":"if","locations":[{"start":{"line":14,"column":6},"end":{"line":18,"column":null}},{"start":{"line":16,"column":13},"end":{"line":18,"column":null}}]}},"s":{"0":1,"1":1,"2":1,"3":1,"4":1,"5":1,"6":0,"7":0,"8":0,"9":1},"f":{"0":1,"1":1},"b":{"0":[0,0]}}
,"C:\\Users\\jorda\\projects\\processos-seletivos\\vagas\\src\\modules\\users\\useCases\\accessUser\\AccessUserUsecase.ts": {"path":"C:\\Users\\jorda\\projects\\processos-seletivos\\vagas\\src\\modules\\users\\useCases\\accessUser\\AccessUserUsecase.ts","statementMap":{"0":{"start":{"line":8,"column":22},"end":{"line":8,"column":54}},"1":{"start":{"line":11,"column":4},"end":{"line":11,"column":42}},"2":{"start":{"line":15,"column":9},"end":{"line":15,"column":26}}},"fnMap":{"0":{"name":"(anonymous_0)","decl":{"start":{"line":8,"column":2},"end":{"line":8,"column":22}},"loc":{"start":{"line":8,"column":54},"end":{"line":8,"column":58}}},"1":{"name":"(anonymous_1)","decl":{"start":{"line":10,"column":2},"end":{"line":10,"column":9}},"loc":{"start":{"line":10,"column":26},"end":{"line":12,"column":3}}}},"branchMap":{},"s":{"0":1,"1":1,"2":1},"f":{"0":1,"1":1},"b":{}}
,"C:\\Users\\jorda\\projects\\processos-seletivos\\vagas\\src\\modules\\users\\useCases\\accessUser\\index.ts": {"path":"C:\\Users\\jorda\\projects\\processos-seletivos\\vagas\\src\\modules\\users\\useCases\\accessUser\\index.ts","statementMap":{"0":{"start":{"line":1,"column":0},"end":{"line":1,"column":68}},"1":{"start":{"line":2,"column":0},"end":{"line":2,"column":62}},"2":{"start":{"line":3,"column":0},"end":{"line":3,"column":56}},"3":{"start":{"line":5,"column":24},"end":{"line":5,"column":53}},"4":{"start":{"line":6,"column":26},"end":{"line":6,"column":64}},"5":{"start":{"line":7,"column":29},"end":{"line":7,"column":72}},"6":{"start":{"line":9,"column":9},"end":{"line":9,"column":29}}},"fnMap":{},"branchMap":{},"s":{"0":1,"1":1,"2":1,"3":1,"4":1,"5":1,"6":1},"f":{},"b":{}}
,"C:\\Users\\jorda\\projects\\processos-seletivos\\vagas\\src\\modules\\users\\useCases\\createUser\\CreateUserController.ts": {"path":"C:\\Users\\jorda\\projects\\processos-seletivos\\vagas\\src\\modules\\users\\useCases\\createUser\\CreateUserController.ts","statementMap":{"0":{"start":{"line":5,"column":22},"end":{"line":5,"column":58}},"1":{"start":{"line":8,"column":4},"end":{"line":18,"column":null}},"2":{"start":{"line":9,"column":28},"end":{"line":9,"column":40}},"3":{"start":{"line":10,"column":19},"end":{"line":10,"column":64}},"4":{"start":{"line":11,"column":6},"end":{"line":11,"column":45}},"5":{"start":{"line":13,"column":6},"end":{"line":17,"column":null}},"6":{"start":{"line":14,"column":8},"end":{"line":14,"column":null}},"7":{"start":{"line":16,"column":8},"end":{"line":16,"column":null}},"8":{"start":{"line":22,"column":9},"end":{"line":22,"column":29}}},"fnMap":{"0":{"name":"(anonymous_0)","decl":{"start":{"line":5,"column":2},"end":{"line":5,"column":22}},"loc":{"start":{"line":5,"column":58},"end":{"line":5,"column":62}}},"1":{"name":"(anonymous_1)","decl":{"start":{"line":7,"column":2},"end":{"line":7,"column":8}},"loc":{"start":{"line":7,"column":45},"end":{"line":19,"column":3}}}},"branchMap":{"0":{"loc":{"start":{"line":13,"column":6},"end":{"line":17,"column":null}},"type":"if","locations":[{"start":{"line":13,"column":6},"end":{"line":17,"column":null}},{"start":{"line":15,"column":13},"end":{"line":17,"column":null}}]}},"s":{"0":1,"1":2,"2":2,"3":2,"4":1,"5":1,"6":1,"7":0,"8":1},"f":{"0":1,"1":2},"b":{"0":[1,0]}}
,"C:\\Users\\jorda\\projects\\processos-seletivos\\vagas\\src\\modules\\users\\useCases\\createUser\\CreateUserUsecase.ts": {"path":"C:\\Users\\jorda\\projects\\processos-seletivos\\vagas\\src\\modules\\users\\useCases\\createUser\\CreateUserUsecase.ts","statementMap":{"0":{"start":{"line":10,"column":22},"end":{"line":10,"column":54}},"1":{"start":{"line":13,"column":4},"end":{"line":15,"column":null}},"2":{"start":{"line":14,"column":6},"end":{"line":14,"column":48}},"3":{"start":{"line":16,"column":17},"end":{"line":16,"column":62}},"4":{"start":{"line":17,"column":4},"end":{"line":17,"column":16}},"5":{"start":{"line":21,"column":9},"end":{"line":21,"column":26}}},"fnMap":{"0":{"name":"(anonymous_0)","decl":{"start":{"line":10,"column":2},"end":{"line":10,"column":22}},"loc":{"start":{"line":10,"column":54},"end":{"line":10,"column":58}}},"1":{"name":"(anonymous_1)","decl":{"start":{"line":12,"column":2},"end":{"line":12,"column":9}},"loc":{"start":{"line":12,"column":33},"end":{"line":18,"column":3}}}},"branchMap":{"0":{"loc":{"start":{"line":13,"column":4},"end":{"line":15,"column":null}},"type":"if","locations":[{"start":{"line":13,"column":4},"end":{"line":15,"column":null}}]},"1":{"loc":{"start":{"line":13,"column":8},"end":{"line":13,"column":47}},"type":"binary-expr","locations":[{"start":{"line":13,"column":8},"end":{"line":13,"column":26}},{"start":{"line":13,"column":30},"end":{"line":13,"column":47}}]}},"s":{"0":3,"1":4,"2":1,"3":3,"4":3,"5":3},"f":{"0":3,"1":4},"b":{"0":[1],"1":[4,3]}}
,"C:\\Users\\jorda\\projects\\processos-seletivos\\vagas\\src\\modules\\users\\useCases\\createUser\\index.ts": {"path":"C:\\Users\\jorda\\projects\\processos-seletivos\\vagas\\src\\modules\\users\\useCases\\createUser\\index.ts","statementMap":{"0":{"start":{"line":1,"column":0},"end":{"line":1,"column":68}},"1":{"start":{"line":2,"column":0},"end":{"line":2,"column":62}},"2":{"start":{"line":3,"column":0},"end":{"line":3,"column":56}},"3":{"start":{"line":5,"column":24},"end":{"line":5,"column":53}},"4":{"start":{"line":6,"column":26},"end":{"line":6,"column":64}},"5":{"start":{"line":7,"column":29},"end":{"line":7,"column":72}},"6":{"start":{"line":9,"column":9},"end":{"line":9,"column":29}}},"fnMap":{},"branchMap":{},"s":{"0":1,"1":1,"2":1,"3":1,"4":1,"5":1,"6":1},"f":{},"b":{}}
,"C:\\Users\\jorda\\projects\\processos-seletivos\\vagas\\src\\modules\\users\\useCases\\deleteUser\\DeleteUserController.ts": {"path":"C:\\Users\\jorda\\projects\\processos-seletivos\\vagas\\src\\modules\\users\\useCases\\deleteUser\\DeleteUserController.ts","statementMap":{"0":{"start":{"line":5,"column":22},"end":{"line":5,"column":58}},"1":{"start":{"line":8,"column":4},"end":{"line":19,"column":null}},"2":{"start":{"line":9,"column":26},"end":{"line":9,"column":40}},"3":{"start":{"line":10,"column":17},"end":{"line":10,"column":38}},"4":{"start":{"line":11,"column":6},"end":{"line":11,"column":45}},"5":{"start":{"line":12,"column":6},"end":{"line":12,"column":76}},"6":{"start":{"line":14,"column":6},"end":{"line":18,"column":null}},"7":{"start":{"line":15,"column":8},"end":{"line":15,"column":null}},"8":{"start":{"line":17,"column":8},"end":{"line":17,"column":null}},"9":{"start":{"line":23,"column":9},"end":{"line":23,"column":29}}},"fnMap":{"0":{"name":"(anonymous_0)","decl":{"start":{"line":5,"column":2},"end":{"line":5,"column":22}},"loc":{"start":{"line":5,"column":58},"end":{"line":5,"column":62}}},"1":{"name":"(anonymous_1)","decl":{"start":{"line":7,"column":2},"end":{"line":7,"column":8}},"loc":{"start":{"line":7,"column":45},"end":{"line":20,"column":3}}}},"branchMap":{"0":{"loc":{"start":{"line":14,"column":6},"end":{"line":18,"column":null}},"type":"if","locations":[{"start":{"line":14,"column":6},"end":{"line":18,"column":null}},{"start":{"line":16,"column":13},"end":{"line":18,"column":null}}]}},"s":{"0":1,"1":1,"2":1,"3":1,"4":1,"5":1,"6":0,"7":0,"8":0,"9":1},"f":{"0":1,"1":1},"b":{"0":[0,0]}}
,"C:\\Users\\jorda\\projects\\processos-seletivos\\vagas\\src\\modules\\users\\useCases\\deleteUser\\DeleteUserUsecase.ts": {"path":"C:\\Users\\jorda\\projects\\processos-seletivos\\vagas\\src\\modules\\users\\useCases\\deleteUser\\DeleteUserUsecase.ts","statementMap":{"0":{"start":{"line":8,"column":22},"end":{"line":8,"column":54}},"1":{"start":{"line":11,"column":17},"end":{"line":11,"column":52}},"2":{"start":{"line":12,"column":4},"end":{"line":14,"column":null}},"3":{"start":{"line":13,"column":6},"end":{"line":13,"column":45}},"4":{"start":{"line":16,"column":4},"end":{"line":16,"column":39}},"5":{"start":{"line":20,"column":9},"end":{"line":20,"column":26}}},"fnMap":{"0":{"name":"(anonymous_0)","decl":{"start":{"line":8,"column":2},"end":{"line":8,"column":22}},"loc":{"start":{"line":8,"column":54},"end":{"line":8,"column":58}}},"1":{"name":"(anonymous_1)","decl":{"start":{"line":10,"column":2},"end":{"line":10,"column":9}},"loc":{"start":{"line":10,"column":26},"end":{"line":17,"column":3}}}},"branchMap":{"0":{"loc":{"start":{"line":12,"column":4},"end":{"line":14,"column":null}},"type":"if","locations":[{"start":{"line":12,"column":4},"end":{"line":14,"column":null}}]}},"s":{"0":2,"1":3,"2":3,"3":1,"4":2,"5":2},"f":{"0":2,"1":3},"b":{"0":[1]}}
,"C:\\Users\\jorda\\projects\\processos-seletivos\\vagas\\src\\modules\\users\\useCases\\deleteUser\\index.ts": {"path":"C:\\Users\\jorda\\projects\\processos-seletivos\\vagas\\src\\modules\\users\\useCases\\deleteUser\\index.ts","statementMap":{"0":{"start":{"line":1,"column":0},"end":{"line":1,"column":68}},"1":{"start":{"line":2,"column":0},"end":{"line":2,"column":62}},"2":{"start":{"line":3,"column":0},"end":{"line":3,"column":56}},"3":{"start":{"line":5,"column":24},"end":{"line":5,"column":53}},"4":{"start":{"line":6,"column":26},"end":{"line":6,"column":64}},"5":{"start":{"line":7,"column":29},"end":{"line":7,"column":72}},"6":{"start":{"line":9,"column":9},"end":{"line":9,"column":29}}},"fnMap":{},"branchMap":{},"s":{"0":1,"1":1,"2":1,"3":1,"4":1,"5":1,"6":1},"f":{},"b":{}}
,"C:\\Users\\jorda\\projects\\processos-seletivos\\vagas\\src\\modules\\users\\useCases\\getAllUsers\\GetAllUsersController.ts": {"path":"C:\\Users\\jorda\\projects\\processos-seletivos\\vagas\\src\\modules\\users\\useCases\\getAllUsers\\GetAllUsersController.ts","statementMap":{"0":{"start":{"line":5,"column":22},"end":{"line":5,"column":60}},"1":{"start":{"line":8,"column":4},"end":{"line":17,"column":null}},"2":{"start":{"line":9,"column":20},"end":{"line":9,"column":53}},"3":{"start":{"line":10,"column":6},"end":{"line":10,"column":34}},"4":{"start":{"line":12,"column":6},"end":{"line":16,"column":null}},"5":{"start":{"line":13,"column":8},"end":{"line":13,"column":null}},"6":{"start":{"line":15,"column":8},"end":{"line":15,"column":null}},"7":{"start":{"line":21,"column":9},"end":{"line":21,"column":30}}},"fnMap":{"0":{"name":"(anonymous_0)","decl":{"start":{"line":5,"column":2},"end":{"line":5,"column":22}},"loc":{"start":{"line":5,"column":60},"end":{"line":5,"column":64}}},"1":{"name":"(anonymous_1)","decl":{"start":{"line":7,"column":2},"end":{"line":7,"column":8}},"loc":{"start":{"line":7,"column":45},"end":{"line":18,"column":3}}}},"branchMap":{"0":{"loc":{"start":{"line":12,"column":6},"end":{"line":16,"column":null}},"type":"if","locations":[{"start":{"line":12,"column":6},"end":{"line":16,"column":null}},{"start":{"line":14,"column":13},"end":{"line":16,"column":null}}]}},"s":{"0":1,"1":1,"2":1,"3":1,"4":0,"5":0,"6":0,"7":1},"f":{"0":1,"1":1},"b":{"0":[0,0]}}
,"C:\\Users\\jorda\\projects\\processos-seletivos\\vagas\\src\\modules\\users\\useCases\\getAllUsers\\GetAllUsersUsecase.ts": {"path":"C:\\Users\\jorda\\projects\\processos-seletivos\\vagas\\src\\modules\\users\\useCases\\getAllUsers\\GetAllUsersUsecase.ts","statementMap":{"0":{"start":{"line":5,"column":22},"end":{"line":5,"column":54}},"1":{"start":{"line":8,"column":4},"end":{"line":8,"column":40}},"2":{"start":{"line":12,"column":9},"end":{"line":12,"column":27}}},"fnMap":{"0":{"name":"(anonymous_0)","decl":{"start":{"line":5,"column":2},"end":{"line":5,"column":22}},"loc":{"start":{"line":5,"column":54},"end":{"line":5,"column":58}}},"1":{"name":"(anonymous_1)","decl":{"start":{"line":7,"column":2},"end":{"line":7,"column":9}},"loc":{"start":{"line":7,"column":9},"end":{"line":9,"column":3}}}},"branchMap":{},"s":{"0":2,"1":2,"2":2},"f":{"0":2,"1":2},"b":{}}
,"C:\\Users\\jorda\\projects\\processos-seletivos\\vagas\\src\\modules\\users\\useCases\\getAllUsers\\index.ts": {"path":"C:\\Users\\jorda\\projects\\processos-seletivos\\vagas\\src\\modules\\users\\useCases\\getAllUsers\\index.ts","statementMap":{"0":{"start":{"line":1,"column":0},"end":{"line":1,"column":68}},"1":{"start":{"line":2,"column":0},"end":{"line":2,"column":64}},"2":{"start":{"line":3,"column":0},"end":{"line":3,"column":58}},"3":{"start":{"line":5,"column":24},"end":{"line":5,"column":53}},"4":{"start":{"line":6,"column":27},"end":{"line":6,"column":66}},"5":{"start":{"line":7,"column":30},"end":{"line":7,"column":75}},"6":{"start":{"line":9,"column":9},"end":{"line":9,"column":30}}},"fnMap":{},"branchMap":{},"s":{"0":1,"1":1,"2":1,"3":1,"4":1,"5":1,"6":1},"f":{},"b":{}}
,"C:\\Users\\jorda\\projects\\processos-seletivos\\vagas\\src\\modules\\users\\useCases\\getUser\\GetUserController.ts": {"path":"C:\\Users\\jorda\\projects\\processos-seletivos\\vagas\\src\\modules\\users\\useCases\\getUser\\GetUserController.ts","statementMap":{"0":{"start":{"line":5,"column":22},"end":{"line":5,"column":52}},"1":{"start":{"line":8,"column":4},"end":{"line":19,"column":null}},"2":{"start":{"line":9,"column":24},"end":{"line":9,"column":38}},"3":{"start":{"line":10,"column":17},"end":{"line":10,"column":38}},"4":{"start":{"line":11,"column":19},"end":{"line":11,"column":54}},"5":{"start":{"line":12,"column":6},"end":{"line":12,"column":33}},"6":{"start":{"line":14,"column":6},"end":{"line":18,"column":null}},"7":{"start":{"line":15,"column":8},"end":{"line":15,"column":null}},"8":{"start":{"line":17,"column":8},"end":{"line":17,"column":null}},"9":{"start":{"line":23,"column":9},"end":{"line":23,"column":26}}},"fnMap":{"0":{"name":"(anonymous_0)","decl":{"start":{"line":5,"column":2},"end":{"line":5,"column":22}},"loc":{"start":{"line":5,"column":52},"end":{"line":5,"column":56}}},"1":{"name":"(anonymous_1)","decl":{"start":{"line":7,"column":2},"end":{"line":7,"column":8}},"loc":{"start":{"line":7,"column":45},"end":{"line":20,"column":3}}}},"branchMap":{"0":{"loc":{"start":{"line":14,"column":6},"end":{"line":18,"column":null}},"type":"if","locations":[{"start":{"line":14,"column":6},"end":{"line":18,"column":null}},{"start":{"line":16,"column":13},"end":{"line":18,"column":null}}]}},"s":{"0":1,"1":2,"2":2,"3":2,"4":2,"5":1,"6":1,"7":1,"8":0,"9":1},"f":{"0":1,"1":2},"b":{"0":[1,0]}}
,"C:\\Users\\jorda\\projects\\processos-seletivos\\vagas\\src\\modules\\users\\useCases\\getUser\\GetUserUsecase.ts": {"path":"C:\\Users\\jorda\\projects\\processos-seletivos\\vagas\\src\\modules\\users\\useCases\\getUser\\GetUserUsecase.ts","statementMap":{"0":{"start":{"line":9,"column":22},"end":{"line":9,"column":54}},"1":{"start":{"line":12,"column":17},"end":{"line":12,"column":52}},"2":{"start":{"line":13,"column":4},"end":{"line":15,"column":null}},"3":{"start":{"line":14,"column":6},"end":{"line":14,"column":45}},"4":{"start":{"line":16,"column":4},"end":{"line":16,"column":16}},"5":{"start":{"line":20,"column":9},"end":{"line":20,"column":23}}},"fnMap":{"0":{"name":"(anonymous_0)","decl":{"start":{"line":9,"column":2},"end":{"line":9,"column":22}},"loc":{"start":{"line":9,"column":54},"end":{"line":9,"column":58}}},"1":{"name":"(anonymous_1)","decl":{"start":{"line":11,"column":2},"end":{"line":11,"column":9}},"loc":{"start":{"line":11,"column":26},"end":{"line":17,"column":3}}}},"branchMap":{"0":{"loc":{"start":{"line":13,"column":4},"end":{"line":15,"column":null}},"type":"if","locations":[{"start":{"line":13,"column":4},"end":{"line":15,"column":null}}]}},"s":{"0":3,"1":5,"2":5,"3":2,"4":3,"5":3},"f":{"0":3,"1":5},"b":{"0":[2]}}
,"C:\\Users\\jorda\\projects\\processos-seletivos\\vagas\\src\\modules\\users\\useCases\\getUser\\index.ts": {"path":"C:\\Users\\jorda\\projects\\processos-seletivos\\vagas\\src\\modules\\users\\useCases\\getUser\\index.ts","statementMap":{"0":{"start":{"line":1,"column":0},"end":{"line":1,"column":69}},"1":{"start":{"line":2,"column":0},"end":{"line":2,"column":56}},"2":{"start":{"line":3,"column":0},"end":{"line":3,"column":50}},"3":{"start":{"line":5,"column":24},"end":{"line":5,"column":53}},"4":{"start":{"line":6,"column":23},"end":{"line":6,"column":58}},"5":{"start":{"line":7,"column":26},"end":{"line":7,"column":63}},"6":{"start":{"line":9,"column":9},"end":{"line":9,"column":26}}},"fnMap":{},"branchMap":{},"s":{"0":1,"1":1,"2":1,"3":1,"4":1,"5":1,"6":1},"f":{},"b":{}}
,"C:\\Users\\jorda\\projects\\processos-seletivos\\vagas\\src\\modules\\users\\useCases\\updateUser\\UpdateUserController.ts": {"path":"C:\\Users\\jorda\\projects\\processos-seletivos\\vagas\\src\\modules\\users\\useCases\\updateUser\\UpdateUserController.ts","statementMap":{"0":{"start":{"line":5,"column":22},"end":{"line":5,"column":58}},"1":{"start":{"line":8,"column":4},"end":{"line":20,"column":null}},"2":{"start":{"line":9,"column":28},"end":{"line":9,"column":40}},"3":{"start":{"line":10,"column":26},"end":{"line":10,"column":40}},"4":{"start":{"line":11,"column":17},"end":{"line":11,"column":38}},"5":{"start":{"line":12,"column":19},"end":{"line":12,"column":68}},"6":{"start":{"line":13,"column":6},"end":{"line":13,"column":33}},"7":{"start":{"line":15,"column":6},"end":{"line":19,"column":null}},"8":{"start":{"line":16,"column":8},"end":{"line":16,"column":null}},"9":{"start":{"line":18,"column":8},"end":{"line":18,"column":null}},"10":{"start":{"line":24,"column":9},"end":{"line":24,"column":29}}},"fnMap":{"0":{"name":"(anonymous_0)","decl":{"start":{"line":5,"column":2},"end":{"line":5,"column":22}},"loc":{"start":{"line":5,"column":58},"end":{"line":5,"column":62}}},"1":{"name":"(anonymous_1)","decl":{"start":{"line":7,"column":2},"end":{"line":7,"column":8}},"loc":{"start":{"line":7,"column":45},"end":{"line":21,"column":3}}}},"branchMap":{"0":{"loc":{"start":{"line":15,"column":6},"end":{"line":19,"column":null}},"type":"if","locations":[{"start":{"line":15,"column":6},"end":{"line":19,"column":null}},{"start":{"line":17,"column":13},"end":{"line":19,"column":null}}]}},"s":{"0":1,"1":1,"2":1,"3":1,"4":1,"5":1,"6":1,"7":0,"8":0,"9":0,"10":1},"f":{"0":1,"1":1},"b":{"0":[0,0]}}
,"C:\\Users\\jorda\\projects\\processos-seletivos\\vagas\\src\\modules\\users\\useCases\\updateUser\\UpdateUserUsecase.ts": {"path":"C:\\Users\\jorda\\projects\\processos-seletivos\\vagas\\src\\modules\\users\\useCases\\updateUser\\UpdateUserUsecase.ts","statementMap":{"0":{"start":{"line":11,"column":22},"end":{"line":11,"column":54}},"1":{"start":{"line":14,"column":15},"end":{"line":14,"column":50}},"2":{"start":{"line":15,"column":4},"end":{"line":17,"column":null}},"3":{"start":{"line":16,"column":6},"end":{"line":16,"column":45}},"4":{"start":{"line":19,"column":4},"end":{"line":19,"column":61}},"5":{"start":{"line":20,"column":4},"end":{"line":20,"column":16}},"6":{"start":{"line":24,"column":9},"end":{"line":24,"column":26}}},"fnMap":{"0":{"name":"(anonymous_0)","decl":{"start":{"line":11,"column":2},"end":{"line":11,"column":22}},"loc":{"start":{"line":11,"column":54},"end":{"line":11,"column":58}}},"1":{"name":"(anonymous_1)","decl":{"start":{"line":13,"column":2},"end":{"line":13,"column":9}},"loc":{"start":{"line":13,"column":37},"end":{"line":21,"column":3}}}},"branchMap":{"0":{"loc":{"start":{"line":15,"column":4},"end":{"line":17,"column":null}},"type":"if","locations":[{"start":{"line":15,"column":4},"end":{"line":17,"column":null}}]}},"s":{"0":1,"1":1,"2":1,"3":0,"4":1,"5":1,"6":1},"f":{"0":1,"1":1},"b":{"0":[0]}}
,"C:\\Users\\jorda\\projects\\processos-seletivos\\vagas\\src\\modules\\users\\useCases\\updateUser\\index.ts": {"path":"C:\\Users\\jorda\\projects\\processos-seletivos\\vagas\\src\\modules\\users\\useCases\\updateUser\\index.ts","statementMap":{"0":{"start":{"line":1,"column":0},"end":{"line":1,"column":68}},"1":{"start":{"line":2,"column":0},"end":{"line":2,"column":62}},"2":{"start":{"line":3,"column":0},"end":{"line":3,"column":56}},"3":{"start":{"line":5,"column":24},"end":{"line":5,"column":53}},"4":{"start":{"line":6,"column":26},"end":{"line":6,"column":64}},"5":{"start":{"line":7,"column":29},"end":{"line":7,"column":72}},"6":{"start":{"line":9,"column":9},"end":{"line":9,"column":29}}},"fnMap":{},"branchMap":{},"s":{"0":1,"1":1,"2":1,"3":1,"4":1,"5":1,"6":1},"f":{},"b":{}}
,"C:\\Users\\jorda\\projects\\processos-seletivos\\vagas\\src\\routes\\api\\auth.routes.ts": {"path":"C:\\Users\\jorda\\projects\\processos-seletivos\\vagas\\src\\routes\\api\\auth.routes.ts","statementMap":{"0":{"start":{"line":1,"column":0},"end":{"line":1,"column":52}},"1":{"start":{"line":2,"column":0},"end":{"line":2,"column":31}},"2":{"start":{"line":4,"column":15},"end":{"line":4,"column":23}},"3":{"start":{"line":17,"column":9},"end":{"line":17,"column":15}},"4":{"start":{"line":6,"column":0},"end":{"line":15,"column":null}},"5":{"start":{"line":7,"column":24},"end":{"line":7,"column":36}},"6":{"start":{"line":9,"column":28},"end":{"line":9,"column":32}},"7":{"start":{"line":11,"column":2},"end":{"line":14,"column":null}},"8":{"start":{"line":12,"column":18},"end":{"line":12,"column":57}},"9":{"start":{"line":13,"column":4},"end":{"line":13,"column":null}}},"fnMap":{"0":{"name":"(anonymous_1)","decl":{"start":{"line":6,"column":17},"end":{"line":6,"column":18}},"loc":{"start":{"line":6,"column":53},"end":{"line":15,"column":1}}}},"branchMap":{"0":{"loc":{"start":{"line":11,"column":2},"end":{"line":14,"column":null}},"type":"if","locations":[{"start":{"line":11,"column":2},"end":{"line":14,"column":null}}]}},"s":{"0":1,"1":1,"2":1,"3":1,"4":1,"5":0,"6":0,"7":0,"8":0,"9":0},"f":{"0":0},"b":{"0":[0]}}
,"C:\\Users\\jorda\\projects\\processos-seletivos\\vagas\\src\\routes\\api\\users.routes.ts": {"path":"C:\\Users\\jorda\\projects\\processos-seletivos\\vagas\\src\\routes\\api\\users.routes.ts","statementMap":{"0":{"start":{"line":1,"column":0},"end":{"line":1,"column":52}},"1":{"start":{"line":2,"column":0},"end":{"line":2,"column":81}},"2":{"start":{"line":3,"column":0},"end":{"line":3,"column":73}},"3":{"start":{"line":4,"column":0},"end":{"line":4,"column":79}},"4":{"start":{"line":5,"column":0},"end":{"line":5,"column":79}},"5":{"start":{"line":6,"column":0},"end":{"line":6,"column":79}},"6":{"start":{"line":7,"column":0},"end":{"line":7,"column":56}},"7":{"start":{"line":8,"column":0},"end":{"line":8,"column":79}},"8":{"start":{"line":10,"column":15},"end":{"line":10,"column":23}},"9":{"start":{"line":36,"column":9},"end":{"line":36,"column":15}},"10":{"start":{"line":12,"column":0},"end":{"line":14,"column":null}},"11":{"start":{"line":13,"column":2},"end":{"line":13,"column":41}},"12":{"start":{"line":16,"column":0},"end":{"line":18,"column":null}},"13":{"start":{"line":17,"column":2},"end":{"line":17,"column":37}},"14":{"start":{"line":20,"column":0},"end":{"line":22,"column":null}},"15":{"start":{"line":21,"column":2},"end":{"line":21,"column":40}},"16":{"start":{"line":24,"column":0},"end":{"line":26,"column":null}},"17":{"start":{"line":25,"column":2},"end":{"line":25,"column":40}},"18":{"start":{"line":28,"column":0},"end":{"line":30,"column":null}},"19":{"start":{"line":29,"column":2},"end":{"line":29,"column":40}},"20":{"start":{"line":32,"column":0},"end":{"line":34,"column":null}},"21":{"start":{"line":33,"column":2},"end":{"line":33,"column":40}}},"fnMap":{"0":{"name":"(anonymous_0)","decl":{"start":{"line":12,"column":16},"end":{"line":12,"column":17}},"loc":{"start":{"line":12,"column":48},"end":{"line":14,"column":1}}},"1":{"name":"(anonymous_1)","decl":{"start":{"line":16,"column":24},"end":{"line":16,"column":25}},"loc":{"start":{"line":16,"column":56},"end":{"line":18,"column":1}}},"2":{"name":"(anonymous_2)","decl":{"start":{"line":20,"column":31},"end":{"line":20,"column":32}},"loc":{"start":{"line":20,"column":63},"end":{"line":22,"column":1}}},"3":{"name":"(anonymous_3)","decl":{"start":{"line":24,"column":17},"end":{"line":24,"column":18}},"loc":{"start":{"line":24,"column":49},"end":{"line":26,"column":1}}},"4":{"name":"(anonymous_4)","decl":{"start":{"line":28,"column":35},"end":{"line":28,"column":36}},"loc":{"start":{"line":28,"column":67},"end":{"line":30,"column":1}}},"5":{"name":"(anonymous_5)","decl":{"start":{"line":32,"column":38},"end":{"line":32,"column":39}},"loc":{"start":{"line":32,"column":70},"end":{"line":34,"column":1}}}},"branchMap":{},"s":{"0":1,"1":1,"2":1,"3":1,"4":1,"5":1,"6":1,"7":1,"8":1,"9":1,"10":1,"11":1,"12":1,"13":2,"14":1,"15":1,"16":1,"17":2,"18":1,"19":1,"20":1,"21":1},"f":{"0":1,"1":2,"2":1,"3":2,"4":1,"5":1},"b":{}}
}
